[0.0989] [INFO] 
[0.0992] [INFO] # DEBUG                        = 2
[0.0994] [INFO] #
[0.0996] [INFO] # device.platform              = windows
[0.0998] [INFO] # device.model                 = unknown
[0.1000] [INFO] # device.language              = cn
[0.1001] [INFO] # device.writablePath          = D:\EAR\
[0.1003] [INFO] # device.cachePath             = D:\EAR\
[0.1004] [INFO] # device.directorySeparator    = \
[0.1006] [INFO] # device.pathSeparator         = ;
[0.1007] [INFO] #
[0.1015] [INFO] # CONFIG_SCREEN_AUTOSCALE      = FIXED_WIDTH
[0.1017] [INFO] # CONFIG_SCREEN_WIDTH          = 960.00
[0.1019] [INFO] # CONFIG_SCREEN_HEIGHT         = 640.00
[0.1021] [INFO] # display.widthInPixels        = 960.00
[0.1023] [INFO] # display.heightInPixels       = 640.00
[0.1024] [INFO] # display.contentScaleFactor   = 1.00
[0.1026] [INFO] # display.width                = 960.00
[0.1028] [INFO] # display.height               = 640.00
[0.1030] [INFO] # display.cx                   = 480.00
[0.1032] [INFO] # display.cy                   = 320.00
[0.1034] [INFO] # display.left                 = 0.00
[0.1036] [INFO] # display.right                = 960.00
[0.1039] [INFO] # display.top                  = 640.00
[0.1044] [INFO] # display.bottom               = 0.00
[0.1049] [INFO] # display.c_left               = -480.00
[0.1054] [INFO] # display.c_right              = 480.00
[0.1059] [INFO] # display.c_top                = 320.00
[0.1063] [INFO] # display.c_bottom             = -320.00
[0.1067] [INFO] #
[0.1392] [INFO] Scene "MainScene:onEnter()"
[0.2108] ####################################  connect success !
[0.2608] hello client , Welcome !
[0.3108] {"args":{"posy":19,"posx":0,"map":1},"method":"LOGIN_SUCCESS"}
[0.3113] -------------------------MapView init !
[0.3118]  ----- MapController onEnter ---------
[0.3124] ---------------------------- time1 : Package start create  !
[0.5054] --------------------------- time2 : Package item create success !
[0.5085] ----------------------------- time3 : Package init success !
[0.5614] Load Event~~~~~~~~~~~~~~~~~~~~~~~~~
[0.5638] ################# Map loading...... 
[0.5700] *****************Role onEnter
[0.5709] *****************Role onEnter
[0.5717] *****************Role onEnter
[0.5726] *****************Role onEnter
[0.5734] *****************Role onEnter
[0.5745] *****************Role onEnter
[0.6386] heroattack1
[0.6391] *****************Role onEnter
[0.6711] {"args":[{"message":["\u6211\u662fNpc1~~~,\u8bf7\u95ee\u627e\u6211\u4f55\u4e8b!"],"id":1,"name":"npc-1","pos":[5,16]},{"message":["\u6211\u662fNpc2~~~,\u8bf7\u95ee\u627e\u6211\u4f55\u4e8b!"],"id":2,"name":"npc-2","pos":[6,16]}],"method":"NPC_INIT"}
[0.6835] *****************Role onEnter
[0.6845] *****************Role onEnter
[0.7711] {"args":{"content":"find star on earth","id":1,"title":"find some thing 1","taskType":0,"taskExp":100},"method":"TASK_UPDATE"}
[1.9394] *************************you click Monster spider1
[2.5813] *************************you click Monster spider1
[2.5817] attck !
[3.4863] you play 2 action
[3.4867] heroattack2
[3.4874] 736
[10.1432] [INFO] LUA VM MEMORY USED: 3256.40 KB
[14.7911] *************************you click Monster spider1
[16.0472] you play 2 action
[16.0476] heroattack2
[16.0482] 416
[20.1473] [INFO] LUA VM MEMORY USED: 3307.25 KB
[20.8200] *************************you click Monster spider3
[21.6381] you play 2 action
[21.6385] heroattack2
[21.6392] 288
[30.1536] [INFO] LUA VM MEMORY USED: 3326.83 KB
[40.1573] [INFO] LUA VM MEMORY USED: 3330.73 KB
[50.1733] [INFO] LUA VM MEMORY USED: 3335.05 KB
[60.1771] [INFO] LUA VM MEMORY USED: 3338.94 KB
[70.1871] [INFO] LUA VM MEMORY USED: 3347.26 KB
[80.1910] [INFO] LUA VM MEMORY USED: 3351.16 KB
[90.2001] [INFO] LUA VM MEMORY USED: 3355.47 KB
[100.2085] [INFO] LUA VM MEMORY USED: 3359.37 KB
[110.2179] [INFO] LUA VM MEMORY USED: 3459.69 KB
[120.2321] [INFO] LUA VM MEMORY USED: 3463.58 KB
[130.2401] [INFO] LUA VM MEMORY USED: 3467.90 KB
[140.2467] [INFO] LUA VM MEMORY USED: 3471.79 KB
[150.2516] [INFO] LUA VM MEMORY USED: 3476.11 KB
[160.2542] [INFO] LUA VM MEMORY USED: 3480.01 KB
[170.2551] [INFO] LUA VM MEMORY USED: 3484.32 KB
[180.2553] [INFO] LUA VM MEMORY USED: 3488.22 KB
[190.2577] [INFO] LUA VM MEMORY USED: 3492.54 KB
[200.2686] [INFO] LUA VM MEMORY USED: 3496.43 KB
[210.2716] [INFO] LUA VM MEMORY USED: 3500.75 KB
[220.2729] [INFO] LUA VM MEMORY USED: 3504.65 KB
[230.2803] [INFO] LUA VM MEMORY USED: 3508.96 KB
[240.2854] [INFO] LUA VM MEMORY USED: 3512.86 KB
[250.2856] [INFO] LUA VM MEMORY USED: 3517.18 KB
[260.2875] [INFO] LUA VM MEMORY USED: 3521.49 KB
[270.2890] [INFO] LUA VM MEMORY USED: 3525.39 KB
[280.2958] [INFO] LUA VM MEMORY USED: 3529.71 KB
[290.3015] [INFO] LUA VM MEMORY USED: 3533.60 KB
[300.3057] [INFO] LUA VM MEMORY USED: 3561.92 KB
[310.3164] [INFO] LUA VM MEMORY USED: 3565.81 KB
[320.3190] [INFO] LUA VM MEMORY USED: 3570.13 KB
[330.3211] [INFO] LUA VM MEMORY USED: 3574.07 KB
[340.3233] [INFO] LUA VM MEMORY USED: 3574.44 KB
[350.3294] [INFO] LUA VM MEMORY USED: 3578.33 KB
[360.3456] [INFO] LUA VM MEMORY USED: 3582.65 KB
[370.3488] [INFO] LUA VM MEMORY USED: 3586.55 KB
[380.3578] [INFO] LUA VM MEMORY USED: 3590.86 KB
[390.3601] [INFO] LUA VM MEMORY USED: 3594.76 KB
[400.3668] [INFO] LUA VM MEMORY USED: 3599.08 KB
[410.3723] [INFO] LUA VM MEMORY USED: 3602.97 KB
[420.3850] [INFO] LUA VM MEMORY USED: 3607.29 KB
[430.3994] [INFO] LUA VM MEMORY USED: 3611.19 KB
[440.4085] [INFO] LUA VM MEMORY USED: 3615.50 KB
[450.4217] [INFO] LUA VM MEMORY USED: 3619.40 KB
[460.4287] [INFO] LUA VM MEMORY USED: 3623.72 KB
[470.4377] [INFO] LUA VM MEMORY USED: 3627.61 KB
[480.4508] [INFO] LUA VM MEMORY USED: 3631.93 KB
[490.4551] [INFO] LUA VM MEMORY USED: 3635.82 KB
[500.4673] [INFO] LUA VM MEMORY USED: 3640.14 KB
[510.4802] [INFO] LUA VM MEMORY USED: 3674.08 KB
[520.4909] [INFO] LUA VM MEMORY USED: 3677.97 KB
[530.4951] [INFO] LUA VM MEMORY USED: 3682.29 KB
[540.5021] [INFO] LUA VM MEMORY USED: 3686.18 KB
[550.5148] [INFO] LUA VM MEMORY USED: 3690.50 KB
[560.5229] [INFO] LUA VM MEMORY USED: 3694.40 KB
[570.5333] [INFO] LUA VM MEMORY USED: 3698.71 KB
[580.5363] [INFO] LUA VM MEMORY USED: 3702.61 KB
[590.5427] [INFO] LUA VM MEMORY USED: 3706.93 KB
[600.5482] [INFO] LUA VM MEMORY USED: 3710.82 KB
[610.5587] [INFO] LUA VM MEMORY USED: 3715.14 KB
[620.5659] [INFO] LUA VM MEMORY USED: 3719.04 KB
[630.5764] [INFO] LUA VM MEMORY USED: 3723.35 KB
[640.5834] [INFO] LUA VM MEMORY USED: 3727.25 KB
[650.5845] [INFO] LUA VM MEMORY USED: 3731.57 KB
[660.5867] [INFO] LUA VM MEMORY USED: 3735.46 KB
[670.5961] [INFO] LUA VM MEMORY USED: 3739.78 KB
[680.5988] [INFO] LUA VM MEMORY USED: 3743.67 KB
[690.6031] [INFO] LUA VM MEMORY USED: 3747.99 KB
[700.6097] [INFO] LUA VM MEMORY USED: 3751.89 KB
[710.6124] [INFO] LUA VM MEMORY USED: 3756.21 KB
[720.6286] [INFO] LUA VM MEMORY USED: 3760.10 KB
[730.6335] [INFO] LUA VM MEMORY USED: 3764.42 KB
[740.6415] [INFO] LUA VM MEMORY USED: 3768.74 KB
[750.6484] [INFO] LUA VM MEMORY USED: 3772.63 KB
[760.6619] [INFO] LUA VM MEMORY USED: 3776.95 KB
[770.6683] [INFO] LUA VM MEMORY USED: 3780.84 KB
[780.6766] [INFO] LUA VM MEMORY USED: 3785.16 KB
[790.6885] [INFO] LUA VM MEMORY USED: 3789.06 KB
[800.7048] [INFO] LUA VM MEMORY USED: 3793.37 KB
[810.7139] [INFO] LUA VM MEMORY USED: 3797.27 KB
[820.7206] [INFO] LUA VM MEMORY USED: 3801.59 KB
[830.7299] [INFO] LUA VM MEMORY USED: 3853.48 KB
[840.7372] [INFO] LUA VM MEMORY USED: 3857.80 KB
[850.7532] [INFO] LUA VM MEMORY USED: 3861.70 KB
[860.7621] [INFO] LUA VM MEMORY USED: 3866.01 KB
[870.7678] [INFO] LUA VM MEMORY USED: 3869.91 KB
[880.7692] [INFO] LUA VM MEMORY USED: 3874.23 KB
[890.7848] [INFO] LUA VM MEMORY USED: 3878.12 KB
[900.7968] [INFO] LUA VM MEMORY USED: 3882.44 KB
[910.8132] [INFO] LUA VM MEMORY USED: 3886.33 KB
[920.8204] [INFO] LUA VM MEMORY USED: 3890.65 KB
[930.8347] [INFO] LUA VM MEMORY USED: 3894.55 KB
[940.8411] [INFO] LUA VM MEMORY USED: 3898.86 KB
[950.8423] [INFO] LUA VM MEMORY USED: 3902.76 KB
[960.8573] [INFO] LUA VM MEMORY USED: 3907.08 KB
[970.8693] [INFO] LUA VM MEMORY USED: 3910.97 KB
[980.8710] [INFO] LUA VM MEMORY USED: 3915.29 KB
[990.8710] [INFO] LUA VM MEMORY USED: 3919.19 KB
[1000.8876] [INFO] LUA VM MEMORY USED: 3923.50 KB
[1010.8902] [INFO] LUA VM MEMORY USED: 3927.40 KB
[1020.9067] [INFO] LUA VM MEMORY USED: 3931.72 KB
[1030.9116] [INFO] LUA VM MEMORY USED: 3935.61 KB
[1040.9232] [INFO] LUA VM MEMORY USED: 3939.93 KB
[1050.9275] [INFO] LUA VM MEMORY USED: 3943.82 KB
[1060.9442] [INFO] LUA VM MEMORY USED: 3948.14 KB
[1070.9531] [INFO] LUA VM MEMORY USED: 3952.04 KB
[1080.9557] [INFO] LUA VM MEMORY USED: 3956.35 KB
[1090.9564] [INFO] LUA VM MEMORY USED: 3960.25 KB
[1100.9686] [INFO] LUA VM MEMORY USED: 3964.57 KB
[1110.9722] [INFO] LUA VM MEMORY USED: 3968.46 KB
[1120.9781] [INFO] LUA VM MEMORY USED: 3972.78 KB
[1130.9911] [INFO] LUA VM MEMORY USED: 3976.68 KB
[1140.9935] [INFO] LUA VM MEMORY USED: 3980.99 KB
[1150.9972] [INFO] LUA VM MEMORY USED: 3984.89 KB
[1161.0072] [INFO] LUA VM MEMORY USED: 3989.21 KB
[1171.0178] [INFO] LUA VM MEMORY USED: 3993.52 KB
[1181.0201] [INFO] LUA VM MEMORY USED: 3997.42 KB
[1191.0237] [INFO] LUA VM MEMORY USED: 4001.74 KB
[1201.0272] [INFO] LUA VM MEMORY USED: 4005.63 KB
[1211.0388] [INFO] LUA VM MEMORY USED: 4009.95 KB
[1221.0441] [INFO] LUA VM MEMORY USED: 4013.84 KB
[1231.0519] [INFO] LUA VM MEMORY USED: 4018.16 KB
[1241.0535] [INFO] LUA VM MEMORY USED: 4022.06 KB
[1251.0544] [INFO] LUA VM MEMORY USED: 4026.38 KB
[1261.0575] [INFO] LUA VM MEMORY USED: 4030.27 KB
[1271.0590] [INFO] LUA VM MEMORY USED: 4034.59 KB
[1281.0613] [INFO] LUA VM MEMORY USED: 4038.48 KB
[1291.0701] [INFO] LUA VM MEMORY USED: 4042.80 KB
[1301.0735] [INFO] LUA VM MEMORY USED: 4046.70 KB
[1311.0752] [INFO] LUA VM MEMORY USED: 4051.01 KB
[1321.0848] [INFO] LUA VM MEMORY USED: 4054.91 KB
[1331.0930] [INFO] LUA VM MEMORY USED: 4059.23 KB
[1341.1012] [INFO] LUA VM MEMORY USED: 4063.12 KB
[1351.1077] [INFO] LUA VM MEMORY USED: 4067.44 KB
[1361.1133] [INFO] LUA VM MEMORY USED: 4071.33 KB
[1371.1226] [INFO] LUA VM MEMORY USED: 4075.65 KB
[1381.1246] [INFO] LUA VM MEMORY USED: 4079.97 KB
[1391.1309] [INFO] LUA VM MEMORY USED: 4083.87 KB
[1401.1345] [INFO] LUA VM MEMORY USED: 4088.18 KB
[1411.1400] [INFO] LUA VM MEMORY USED: 4092.08 KB
[1421.1476] [INFO] LUA VM MEMORY USED: 4096.40 KB
[1431.1566] [INFO] LUA VM MEMORY USED: 4100.29 KB
[1441.1654] [INFO] LUA VM MEMORY USED: 4104.61 KB
[1451.1730] [INFO] LUA VM MEMORY USED: 4108.50 KB
[1461.1838] [INFO] LUA VM MEMORY USED: 4112.82 KB
[1471.1888] [INFO] LUA VM MEMORY USED: 4116.72 KB
[1481.1896] [INFO] LUA VM MEMORY USED: 4121.03 KB
[1491.1974] [INFO] LUA VM MEMORY USED: 4124.93 KB
[1501.2048] [INFO] LUA VM MEMORY USED: 4129.25 KB
[1511.2137] [INFO] LUA VM MEMORY USED: 4133.14 KB
[1521.2189] [INFO] LUA VM MEMORY USED: 4137.46 KB
[1531.2345] [INFO] LUA VM MEMORY USED: 4141.36 KB
[1541.2405] [INFO] LUA VM MEMORY USED: 4145.67 KB
[1551.2524] [INFO] LUA VM MEMORY USED: 4149.57 KB
[1561.2540] [INFO] LUA VM MEMORY USED: 4153.89 KB
[1571.2594] [INFO] LUA VM MEMORY USED: 4157.78 KB
[1581.2758] [INFO] LUA VM MEMORY USED: 4162.10 KB
[1591.2766] [INFO] LUA VM MEMORY USED: 4165.99 KB
[1601.2841] [INFO] LUA VM MEMORY USED: 4170.31 KB
[1611.2894] [INFO] LUA VM MEMORY USED: 4174.21 KB
[1621.3054] [INFO] LUA VM MEMORY USED: 4178.52 KB
[1631.3175] [INFO] LUA VM MEMORY USED: 4182.84 KB
[1641.3291] [INFO] LUA VM MEMORY USED: 4186.74 KB
[1651.3453] [INFO] LUA VM MEMORY USED: 4191.05 KB
[1661.3573] [INFO] LUA VM MEMORY USED: 4194.95 KB
[1671.3583] [INFO] LUA VM MEMORY USED: 4199.27 KB
[1681.3719] [INFO] LUA VM MEMORY USED: 4203.16 KB
[1691.3821] [INFO] LUA VM MEMORY USED: 4207.48 KB
[1701.3893] [INFO] LUA VM MEMORY USED: 4211.38 KB
[1711.3906] [INFO] LUA VM MEMORY USED: 4215.69 KB
[1721.3983] [INFO] LUA VM MEMORY USED: 4219.59 KB
[1731.4003] [INFO] LUA VM MEMORY USED: 4223.91 KB
[1741.4109] [INFO] LUA VM MEMORY USED: 4227.80 KB
[1751.4218] [INFO] LUA VM MEMORY USED: 4232.12 KB
[1761.4335] [INFO] LUA VM MEMORY USED: 4236.01 KB
[1771.4381] [INFO] LUA VM MEMORY USED: 4240.33 KB
[1781.4388] [INFO] LUA VM MEMORY USED: 4244.23 KB
[1791.4481] [INFO] LUA VM MEMORY USED: 4248.54 KB
[1801.4557] [INFO] LUA VM MEMORY USED: 4252.44 KB
[1811.4678] [INFO] LUA VM MEMORY USED: 4256.76 KB
[1821.4836] [INFO] LUA VM MEMORY USED: 4260.65 KB
[1831.5002] [INFO] LUA VM MEMORY USED: 4264.97 KB
[1841.5116] [INFO] LUA VM MEMORY USED: 4268.87 KB
[1851.5217] [INFO] LUA VM MEMORY USED: 4273.18 KB
[1861.5242] [INFO] LUA VM MEMORY USED: 4277.08 KB
[1871.5272] [INFO] LUA VM MEMORY USED: 4281.40 KB
[1881.5284] [INFO] LUA VM MEMORY USED: 4285.29 KB
[1891.5310] [INFO] LUA VM MEMORY USED: 4289.61 KB
[1901.5436] [INFO] LUA VM MEMORY USED: 4389.50 KB
[1911.5470] [INFO] LUA VM MEMORY USED: 4393.82 KB
[1921.5596] [INFO] LUA VM MEMORY USED: 4398.14 KB
[1931.5652] [INFO] LUA VM MEMORY USED: 4402.04 KB
[1941.5684] [INFO] LUA VM MEMORY USED: 4406.35 KB
[1951.5721] [INFO] LUA VM MEMORY USED: 4410.25 KB
[1961.5757] [INFO] LUA VM MEMORY USED: 4414.57 KB
[1971.5869] [INFO] LUA VM MEMORY USED: 4418.46 KB
[1981.5980] [INFO] LUA VM MEMORY USED: 4422.78 KB
[1991.6130] [INFO] LUA VM MEMORY USED: 4426.67 KB
[2001.6261] [INFO] LUA VM MEMORY USED: 4430.99 KB
[2011.6311] [INFO] LUA VM MEMORY USED: 4434.89 KB
[2021.6385] [INFO] LUA VM MEMORY USED: 4439.20 KB
[2031.6467] [INFO] LUA VM MEMORY USED: 4443.10 KB
[2041.6545] [INFO] LUA VM MEMORY USED: 4447.42 KB
[2051.6633] [INFO] LUA VM MEMORY USED: 4451.31 KB
[2061.6733] [INFO] LUA VM MEMORY USED: 4455.63 KB
[2071.6836] [INFO] LUA VM MEMORY USED: 4459.53 KB
[2081.6848] [INFO] LUA VM MEMORY USED: 4463.84 KB
[2091.6931] [INFO] LUA VM MEMORY USED: 4467.74 KB
[2101.7097] [INFO] LUA VM MEMORY USED: 4472.06 KB
[2111.7124] [INFO] LUA VM MEMORY USED: 4475.95 KB
[2121.7144] [INFO] LUA VM MEMORY USED: 4480.27 KB
[2131.7207] [INFO] LUA VM MEMORY USED: 4484.16 KB
[2141.7207] [INFO] LUA VM MEMORY USED: 4680.48 KB
[2151.7256] [INFO] LUA VM MEMORY USED: 4684.38 KB
[2161.7419] [INFO] LUA VM MEMORY USED: 4688.69 KB
[2171.7563] [INFO] LUA VM MEMORY USED: 4692.59 KB
[2181.7671] [INFO] LUA VM MEMORY USED: 4696.91 KB
[2191.7803] [INFO] LUA VM MEMORY USED: 4700.80 KB
[2201.7954] [INFO] LUA VM MEMORY USED: 4705.12 KB
[2211.8062] [INFO] LUA VM MEMORY USED: 4709.44 KB
[2221.8137] [INFO] LUA VM MEMORY USED: 4713.33 KB
[2231.8274] [INFO] LUA VM MEMORY USED: 4717.65 KB
[2241.8303] [INFO] LUA VM MEMORY USED: 4721.55 KB
[2251.8425] [INFO] LUA VM MEMORY USED: 4725.86 KB
[2261.8540] [INFO] LUA VM MEMORY USED: 4729.76 KB
[2271.8611] [INFO] LUA VM MEMORY USED: 4734.08 KB
[2281.8660] [INFO] LUA VM MEMORY USED: 4737.97 KB
[2291.8745] [INFO] LUA VM MEMORY USED: 4742.29 KB
[2301.8826] [INFO] LUA VM MEMORY USED: 4746.18 KB
[2311.8889] [INFO] LUA VM MEMORY USED: 4750.50 KB
[2321.8896] [INFO] LUA VM MEMORY USED: 4754.40 KB
[2331.8943] [INFO] LUA VM MEMORY USED: 4758.71 KB
[2341.9011] [INFO] LUA VM MEMORY USED: 4762.61 KB
[2351.9053] [INFO] LUA VM MEMORY USED: 4766.93 KB
[2361.9207] [INFO] LUA VM MEMORY USED: 4770.82 KB
[2371.9216] [INFO] LUA VM MEMORY USED: 4775.14 KB
[2381.9226] [INFO] LUA VM MEMORY USED: 4779.04 KB
[2391.9258] [INFO] LUA VM MEMORY USED: 4783.35 KB
[2401.9338] [INFO] LUA VM MEMORY USED: 4787.25 KB
[2411.9438] [INFO] LUA VM MEMORY USED: 4791.57 KB
[2421.9521] [INFO] LUA VM MEMORY USED: 4795.46 KB
[2431.9609] [INFO] LUA VM MEMORY USED: 4799.78 KB
[2441.9663] [INFO] LUA VM MEMORY USED: 4803.67 KB
[2451.9695] [INFO] LUA VM MEMORY USED: 4807.99 KB
[2461.9724] [INFO] LUA VM MEMORY USED: 4812.31 KB
[2471.9739] [INFO] LUA VM MEMORY USED: 4816.21 KB
[2481.9768] [INFO] LUA VM MEMORY USED: 4820.52 KB
[2491.9836] [INFO] LUA VM MEMORY USED: 4824.42 KB
[2501.9849] [INFO] LUA VM MEMORY USED: 4828.74 KB
[2511.9963] [INFO] LUA VM MEMORY USED: 4832.63 KB
[2522.0027] [INFO] LUA VM MEMORY USED: 4836.95 KB
[2532.0083] [INFO] LUA VM MEMORY USED: 4840.84 KB
[2542.0103] [INFO] LUA VM MEMORY USED: 4845.16 KB
[2552.0168] [INFO] LUA VM MEMORY USED: 4849.06 KB
[2562.0205] [INFO] LUA VM MEMORY USED: 4853.37 KB
[2572.0359] [INFO] LUA VM MEMORY USED: 4857.27 KB
[2582.0398] [INFO] LUA VM MEMORY USED: 4861.59 KB
[2592.0547] [INFO] LUA VM MEMORY USED: 4865.48 KB
[2602.0596] [INFO] LUA VM MEMORY USED: 4869.80 KB
[2612.0708] [INFO] LUA VM MEMORY USED: 4873.70 KB
[2622.0767] [INFO] LUA VM MEMORY USED: 4878.01 KB
[2632.0862] [INFO] LUA VM MEMORY USED: 4881.91 KB
[2642.0898] [INFO] LUA VM MEMORY USED: 4886.23 KB
[2652.0989] [INFO] LUA VM MEMORY USED: 4890.12 KB
[2662.1006] [INFO] LUA VM MEMORY USED: 4894.44 KB
[2672.1038] [INFO] LUA VM MEMORY USED: 4898.33 KB
[2682.1055] [INFO] LUA VM MEMORY USED: 4902.65 KB
[2692.1064] [INFO] LUA VM MEMORY USED: 4906.97 KB
[2702.1113] [INFO] LUA VM MEMORY USED: 4910.86 KB
[2712.1211] [INFO] LUA VM MEMORY USED: 4915.18 KB
[2722.1265] [INFO] LUA VM MEMORY USED: 4919.08 KB
[2732.1343] [INFO] LUA VM MEMORY USED: 4923.39 KB
[2742.1394] [INFO] LUA VM MEMORY USED: 4927.29 KB
[2752.1406] [INFO] LUA VM MEMORY USED: 4931.61 KB
[2762.1521] [INFO] LUA VM MEMORY USED: 4935.50 KB
[2772.1584] [INFO] LUA VM MEMORY USED: 4939.82 KB
[2782.1675] [INFO] LUA VM MEMORY USED: 4943.72 KB
[2792.1716] [INFO] LUA VM MEMORY USED: 4948.03 KB
[2802.1765] [INFO] LUA VM MEMORY USED: 4951.93 KB
[2812.1814] [INFO] LUA VM MEMORY USED: 4956.25 KB
[2822.1860] [INFO] LUA VM MEMORY USED: 4960.14 KB
[2832.1882] [INFO] LUA VM MEMORY USED: 4964.46 KB
[2842.1948] [INFO] LUA VM MEMORY USED: 4968.35 KB
[2852.1982] [INFO] LUA VM MEMORY USED: 4972.67 KB
[2862.2004] [INFO] LUA VM MEMORY USED: 4976.57 KB
[2872.2041] [INFO] LUA VM MEMORY USED: 4980.88 KB
[2882.2122] [INFO] LUA VM MEMORY USED: 4984.78 KB
[2892.2134] [INFO] LUA VM MEMORY USED: 4989.10 KB
[2902.2188] [INFO] LUA VM MEMORY USED: 4993.42 KB
[2912.2300] [INFO] LUA VM MEMORY USED: 4997.31 KB
[2922.2415] [INFO] LUA VM MEMORY USED: 5001.63 KB
[2932.2502] [INFO] LUA VM MEMORY USED: 5005.52 KB
[2942.2610] [INFO] LUA VM MEMORY USED: 5009.84 KB
[2952.2659] [INFO] LUA VM MEMORY USED: 5013.74 KB
[2962.2749] [INFO] LUA VM MEMORY USED: 5018.05 KB
[2972.2751] [INFO] LUA VM MEMORY USED: 5021.95 KB
[2982.2825] [INFO] LUA VM MEMORY USED: 5026.27 KB
[2992.2839] [INFO] LUA VM MEMORY USED: 5030.16 KB
[3002.2847] [INFO] LUA VM MEMORY USED: 5034.48 KB
[3012.2976] [INFO] LUA VM MEMORY USED: 5038.38 KB
[3017.6350] 1
[3022.2998] [INFO] LUA VM MEMORY USED: 5168.13 KB
[3032.3101] [INFO] LUA VM MEMORY USED: 5172.02 KB
[3042.3118] [INFO] LUA VM MEMORY USED: 5176.34 KB
[3052.3152] [INFO] LUA VM MEMORY USED: 5180.23 KB
[3062.3179] [INFO] LUA VM MEMORY USED: 5184.55 KB
[3072.3308] [INFO] LUA VM MEMORY USED: 5188.45 KB
[3082.3313] [INFO] LUA VM MEMORY USED: 5192.76 KB
[3092.3342] [INFO] LUA VM MEMORY USED: 5196.66 KB
[3102.3425] [INFO] LUA VM MEMORY USED: 5200.98 KB
[3112.3455] [INFO] LUA VM MEMORY USED: 5205.29 KB
[3122.3469] [INFO] LUA VM MEMORY USED: 5209.19 KB
[3132.3472] [INFO] LUA VM MEMORY USED: 5213.51 KB
[3142.3550] [INFO] LUA VM MEMORY USED: 5217.40 KB
[3152.3618] [INFO] LUA VM MEMORY USED: 5221.72 KB
[3162.3647] [INFO] LUA VM MEMORY USED: 5225.62 KB
[3172.3652] [INFO] LUA VM MEMORY USED: 5229.93 KB
[3182.3669] [INFO] LUA VM MEMORY USED: 5233.83 KB
[3192.3711] [INFO] LUA VM MEMORY USED: 5238.15 KB
[3202.3748] [INFO] LUA VM MEMORY USED: 5242.04 KB
[3212.3770] [INFO] LUA VM MEMORY USED: 5246.36 KB
[3222.3811] [INFO] LUA VM MEMORY USED: 5250.25 KB
[3232.3894] [INFO] LUA VM MEMORY USED: 5254.57 KB
[3242.4036] [INFO] LUA VM MEMORY USED: 5258.47 KB
[3252.4058] [INFO] LUA VM MEMORY USED: 5262.79 KB
[3262.4063] [INFO] LUA VM MEMORY USED: 5266.68 KB
[3272.4131] [INFO] LUA VM MEMORY USED: 5271.00 KB
[3282.4197] [INFO] LUA VM MEMORY USED: 5274.89 KB
[3292.4324] [INFO] LUA VM MEMORY USED: 5279.21 KB
[3302.4429] [INFO] LUA VM MEMORY USED: 5283.11 KB
[3312.4529] [INFO] LUA VM MEMORY USED: 5287.42 KB
[3322.4565] [INFO] LUA VM MEMORY USED: 5291.74 KB
[3332.4626] [INFO] LUA VM MEMORY USED: 5295.64 KB
[3342.4700] [INFO] LUA VM MEMORY USED: 5299.95 KB
[3352.4758] [INFO] LUA VM MEMORY USED: 5303.85 KB
[3362.4802] [INFO] LUA VM MEMORY USED: 5308.17 KB
[3372.4832] [INFO] LUA VM MEMORY USED: 5312.06 KB
[3382.4924] [INFO] LUA VM MEMORY USED: 5316.38 KB
[3392.4934] [INFO] LUA VM MEMORY USED: 5320.28 KB
[3402.4949] [INFO] LUA VM MEMORY USED: 5324.59 KB
[3412.4951] [INFO] LUA VM MEMORY USED: 5328.49 KB
[3422.4954] [INFO] LUA VM MEMORY USED: 5332.81 KB
[3432.4961] [INFO] LUA VM MEMORY USED: 5336.70 KB
[3442.4985] [INFO] LUA VM MEMORY USED: 5341.02 KB
[3452.5012] [INFO] LUA VM MEMORY USED: 5344.91 KB
[3462.5032] [INFO] LUA VM MEMORY USED: 5349.23 KB
[3472.5034] [INFO] LUA VM MEMORY USED: 5353.13 KB
[3482.5039] [INFO] LUA VM MEMORY USED: 5357.44 KB
[3492.5078] [INFO] LUA VM MEMORY USED: 5361.34 KB
[3502.5156] [INFO] LUA VM MEMORY USED: 5365.66 KB
[3512.5288] [INFO] LUA VM MEMORY USED: 5369.55 KB
[3522.5376] [INFO] LUA VM MEMORY USED: 5373.87 KB
[3532.5417] [INFO] LUA VM MEMORY USED: 5377.77 KB
